
ROM used:   2056/65536 (3%)
            2056/65536 (3%) including unused fragments

            0.6 Average locations per line
            2.6 Average locations per statement

RAM used:   89/3896 (2%) at main() level
            116/3896 (3%) worst case

Stack used: 1 worst case (0 in main + 1 for interrupts)
Stack size: 30

Lines Stmts  %   Files
----- ----- ---  -----
  191    53   7  6_digit_7_segment_003.c
 1022     0   0  C:\Program Files\PICC\devices\18F46K22.h
   43     0   0  HW_IO.h
   37     0   0  C:\Program Files\PICC\drivers\stdio.h
  435     0   0  C:\Program Files\PICC\drivers\string.h
   32     0   0  C:\Program Files\PICC\drivers\stddef.h
   28     0   0  C:\Program Files\PICC\drivers\ctype.h
 1352   359  45  C:\Program Files\PICC\drivers\stdlib.h
   19     0   0  internal_eeprom.h
   48    12   1  74595.c
  106    38   5  DS1307.c
  370   300  37  MUX.c
   36    22   3  internal_eeprom.c
   15    19   2  system_counter.c
----- -----
 3734   803 Total

Page ROM  %  RAM    Vol Diff  Functions:
---- --- --- ---    --- ----  ----------
0     40   1    1             @delay_ms1
0     64   2    4    470  5.6  write_expanded_outputs
0     40   1    3             @DIV88
0     64   2   12    228  3.8  display
0    760  18   13   2608  8.4  data_display
0    142   3   13             @DIV3232
0     38   1    0             @goto20241
0    264   6    7   2289  8.2  led_display_number
0     34   1    0             @goto20498
0    228   6    1    669  3.4  MAIN
0     46   1    0     94  1.7  timer0_isr
0     80   2    0    533  4.3  TIMER1_isr
0     62   2    0     82  2.8  ext_isr
 Inline         0             @cinit1

Program metrics:
    Functions               8
    Statements              803
    Comments                1011
    Volume (V)              9528
    Difficulty (D)          39.3
    Effort to implement (E) 374024
    Time to implement (T)   5 hours, 46 minutes
    Est Delivered Bugs (B)  2
    Cyclomatic Complexity   23
    Maintainability (MI)    9

 Segment     Used  Free
-----------  ----  ----
00000-00002     4  0  
00004-00006     0  4  
00008-000C4   190  0  
000C6-0FFFE  1862  63476  



