
ROM used:   3320/65536 (5%)
            3320/65536 (5%) including unused fragments

            0.9 Average locations per line
            3.9 Average locations per statement

RAM used:   98/3896 (3%) at main() level
            135/3896 (3%) worst case

Stack used: 4 worst case (2 in main + 2 for interrupts)
Stack size: 31

Lines Stmts  %   Files
----- ----- ---  -----
  239    83  10  6_digit_7_segment_003.c
 1022     0   0  C:\Program Files\PICC\Devices\18F46K22.h
   43     0   0  HW_IO.h
   37     0   0  C:\Program Files\PICC\Drivers\stdio.h
  435     0   0  C:\Program Files\PICC\Drivers\string.h
   32     0   0  C:\Program Files\PICC\Drivers\stddef.h
   28     0   0  C:\Program Files\PICC\Drivers\ctype.h
 1352   359  42  C:\Program Files\PICC\Drivers\stdlib.h
   19     0   0  internal_eeprom.h
   48    12   1  74595.c
  124    52   6  DS1307.c
  368   299  35  MUX.c
   36    22   3  internal_eeprom.c
   15    19   2  system_counter.c
----- -----
 3798   846 Total

Page ROM  %  RAM    Vol Diff  Functions:
---- --- --- ---    --- ----  ----------
0     40   1    1             @delay_ms1
0     64   1    4    470  5.6  write_expanded_outputs
0    102   2    3             @I2C_READ_1
0    108   2    1             @I2C_WRITE_1
0     90   1    0     80  1.2  init_ds1307
 Inline         8    607  3.3  ds1307_get_time
0     26   0    2     74  3.1  BCD_to_decimal
0     60   1    2     78  3.1  decimal_to_BCD
0     40   1    3             @DIV88
0     88   1    2    102  1.8  ds1307_write_nvram_byte
0    140   2    2    172  2.4  ds1307_read_nvram_byte
0    206   3    8    505  2.7  ds1307_set_date_time
0     64   1   12    228  3.8  display
0    760  11   13   2608  8.4  data_display
0    142   2   13             @DIV3232
0     38   1    0             @goto41983
0    258   4    7   2234  8.2  led_display_number
0     34   1    0             @goto42237
0    676  10    1   2323  4.9  MAIN
0     46   1    0     94  1.7  timer0_isr
0     82   1    0    561  4.3  TIMER1_isr
0     62   1    0     82  2.8  ext_isr
 Inline         0             @cinit1

Program metrics:
    Functions               15
    Statements              846
    Comments                1034
    Volume (V)              15201
    Difficulty (D)          60.0
    Effort to implement (E) 912120
    Time to implement (T)   14 hours, 5 minutes
    Est Delivered Bugs (B)  3
    Cyclomatic Complexity   24
    Maintainability (MI)    84

 Segment     Used  Free
-----------  ----  ----
00000-00002     4  0  
00004-00006     0  4  
00008-000C4   190  0  
000C6-0FFFE  3126  62212  



