
ROM used:   3616/65536 (6%)
            3616/65536 (6%) including unused fragments

            1.0 Average locations per line
            4.7 Average locations per statement

RAM used:   71/3896 (2%) at main() level
            118/3896 (3%) worst case

Stack used: 1 worst case (0 in main + 1 for interrupts)
Stack size: 31

Lines Stmts  %   Files
----- ----- ---  -----
  181    48   6  6_digit_7_segment_003.c
 1022     0   0  C:\Program Files\PICC\devices\18F46K22.h
   37     0   0  C:\Program Files\PICC\drivers\stdio.h
  435     0   0  C:\Program Files\PICC\drivers\string.h
   32     0   0  C:\Program Files\PICC\drivers\stddef.h
   28     0   0  C:\Program Files\PICC\drivers\ctype.h
 1352   359  46  C:\Program Files\PICC\drivers\stdlib.h
   19     0   0  internal_eeprom.h
   49    12   2  74595.c
  105    38   5  DS1307.c
  271   278  36  MUX.c
   36    22   3  internal_eeprom.c
   15    19   2  system_counter.c
----- -----
 3582   776 Total

Page ROM  %  RAM    Vol Diff  Functions:
---- --- --- ---    --- ----  ----------
0     38   1    1    555  3.4  @delay_ms1
0     84   1   14     80  3.0  @MUL3232
0     64   1    4    470  5.6  write_expanded_outputs
0    108   1    1    158  5.1  @I2C_WRITE_1
0     88   1    0     80  1.2  init_ds1307
0     98   1    3    115  1.7  ds1307_write
0     38   1    2     78  3.1  decimal_to_BCD
0     40   1    3    140  5.0  @DIV88
0     64   1   12    228  3.8  display
0    744  10   13   2325  5.9  data_display
0    142   2   13    234  7.5  @DIV3232
0     64   1    5    174  3.6  Reset_display
0    224   3    2   2001  7.4  manu_function
0     30   0    1    207  4.0  rpm_manu
0    256   4    7   1558  4.5  led_display_number
0   1020  14   17   2552  6.5  rpm_display
0     62   1    0     82  2.8  ext_isr
0     36   0    1     57  1.9  timer0_isr
0     80   1    0    533  4.3  TIMER1_isr
0    142   2    0    598  3.8  MAIN
 Inline         0   1549 12.4  @cinit1

Program metrics:
    Functions               21
    Statements              776
    Comments                1086
    Volume (V)              21746
    Difficulty (D)          99.2
    Effort to implement (E) 2158089
    Time to implement (T)   33 hours, 18 minutes
    Est Delivered Bugs (B)  6
    Cyclomatic Complexity   62
    Maintainability (MI)    26

 Segment     Used  Free
-----------  ----  ----
00000-00002     4  0  
00004-00006     0  4  
00008-000C4   190  0  
000C6-0FFFE  3422  61916  



